<?xml version="1.0" encoding="UTF-8"?>
<testsuite name="com.ohgiraffers.eurekaserver.EurekaserverApplicationTests" tests="1" skipped="0" failures="0" errors="0" timestamp="2025-03-25T15:08:44.675Z" hostname="DESKTOP-TE1A0N2" time="1.96">
  <properties/>
  <testcase name="contextLoads()" classname="com.ohgiraffers.eurekaserver.EurekaserverApplicationTests" time="1.96"/>
  <system-out><![CDATA[00:08:28.503 [Test worker] INFO org.springframework.test.context.support.AnnotationConfigContextLoaderUtils -- Could not detect default configuration classes for test class [com.ohgiraffers.eurekaserver.EurekaserverApplicationTests]: EurekaserverApplicationTests does not declare any static, non-private, non-final, nested classes annotated with @Configuration.
00:08:28.712 [Test worker] INFO org.springframework.boot.test.context.SpringBootTestContextBootstrapper -- Found @SpringBootConfiguration com.ohgiraffers.eurekaserver.EurekaserverApplication for test class com.ohgiraffers.eurekaserver.EurekaserverApplicationTests

  .   ____          _            __ _ _
 /\\ / ___'_ __ _ _(_)_ __  __ _ \ \ \ \
( ( )\___ | '_ | '_| | '_ \/ _` | \ \ \ \
 \\/  ___)| |_)| | | | | || (_| |  ) ) ) )
  '  |____| .__|_| |_|_| |_\__, | / / / /
 =========|_|==============|___/=/_/_/_/

 :: Spring Boot ::                (v3.4.4)

2025-03-26T00:08:30.928+09:00  INFO 23316 --- [    Test worker] c.o.e.EurekaserverApplicationTests       : Starting EurekaserverApplicationTests using Java 17.0.3 with PID 23316 (started by sungm in C:\Tuna\GoMen\eurekaserver)
2025-03-26T00:08:30.931+09:00  INFO 23316 --- [    Test worker] c.o.e.EurekaserverApplicationTests       : No active profile set, falling back to 1 default profile: "default"
2025-03-26T00:08:32.754+09:00  INFO 23316 --- [    Test worker] o.s.cloud.context.scope.GenericScope     : BeanFactory id=a81586d0-40dc-3b15-b4b7-155036bb52a1
2025-03-26T00:08:34.104+09:00  INFO 23316 --- [    Test worker] o.s.v.b.OptionalValidatorFactoryBean     : Failed to set up a Bean Validation provider: jakarta.validation.NoProviderFoundException: Unable to create a Configuration, because no Jakarta Bean Validation provider could be found. Add a provider like Hibernate Validator (RI) to your classpath.
2025-03-26T00:08:37.623+09:00  INFO 23316 --- [    Test worker] o.s.cloud.commons.util.InetUtils         : Cannot determine local hostname
2025-03-26T00:08:41.997+09:00  INFO 23316 --- [    Test worker] o.s.cloud.commons.util.InetUtils         : Cannot determine local hostname
2025-03-26T00:08:42.151+09:00  WARN 23316 --- [    Test worker] iguration$LoadBalancerCaffeineWarnLogger : Spring Cloud LoadBalancer is currently working with the default cache. While this cache implementation is useful for development and tests, it's recommended to use Caffeine cache in production.You can switch to using Caffeine cache, by adding it and org.springframework.cache.caffeine.CaffeineCacheManager to the classpath.
2025-03-26T00:08:42.852+09:00  INFO 23316 --- [    Test worker] o.s.c.n.eureka.InstanceInfoFactory       : Setting initial instance status as: STARTING
2025-03-26T00:08:42.961+09:00  INFO 23316 --- [    Test worker] com.netflix.discovery.DiscoveryClient    : Initializing Eureka in region us-east-1
2025-03-26T00:08:42.967+09:00  INFO 23316 --- [    Test worker] com.netflix.discovery.DiscoveryClient    : Client configured to neither register nor query for data.
2025-03-26T00:08:42.977+09:00  INFO 23316 --- [    Test worker] com.netflix.discovery.DiscoveryClient    : Discovery Client initialized at timestamp 1742915322974 with initial instances count: 0
2025-03-26T00:08:43.239+09:00  INFO 23316 --- [    Test worker] c.n.eureka.DefaultEurekaServerContext    : Initializing ...
2025-03-26T00:08:43.250+09:00  WARN 23316 --- [    Test worker] c.n.eureka.cluster.PeerEurekaNodes       : The replica size seems to be empty. Check the route 53 DNS Registry
2025-03-26T00:08:43.306+09:00  INFO 23316 --- [    Test worker] c.n.e.registry.AbstractInstanceRegistry  : Finished initializing remote region registries. All known remote regions: []
2025-03-26T00:08:43.307+09:00  INFO 23316 --- [    Test worker] c.n.eureka.DefaultEurekaServerContext    : Initialized
2025-03-26T00:08:43.966+09:00  INFO 23316 --- [    Test worker] o.s.b.a.e.web.EndpointLinksResolver      : Exposing 1 endpoint beneath base path '/actuator'
2025-03-26T00:08:44.270+09:00  INFO 23316 --- [    Test worker] o.s.c.n.e.s.EurekaServiceRegistry        : Registering application UNKNOWN with eureka with status UP
2025-03-26T00:08:44.336+09:00  INFO 23316 --- [      Thread-13] o.s.c.n.e.server.EurekaServerBootstrap   : isAws returned false
2025-03-26T00:08:44.340+09:00  INFO 23316 --- [      Thread-13] o.s.c.n.e.server.EurekaServerBootstrap   : Initialized server context
2025-03-26T00:08:44.340+09:00  INFO 23316 --- [      Thread-13] c.n.e.r.PeerAwareInstanceRegistryImpl    : Got 1 instances from neighboring DS node
2025-03-26T00:08:44.341+09:00  INFO 23316 --- [      Thread-13] c.n.e.r.PeerAwareInstanceRegistryImpl    : Renew threshold is: 1
2025-03-26T00:08:44.341+09:00  INFO 23316 --- [      Thread-13] c.n.e.r.PeerAwareInstanceRegistryImpl    : Changing status to UP
2025-03-26T00:08:44.347+09:00  INFO 23316 --- [      Thread-13] e.s.EurekaServerInitializerConfiguration : Started Eureka Server
2025-03-26T00:08:44.411+09:00  INFO 23316 --- [    Test worker] c.o.e.EurekaserverApplicationTests       : Started EurekaserverApplicationTests in 15.18 seconds (process running for 17.551)
]]></system-out>
  <system-err><![CDATA[]]></system-err>
</testsuite>
